<?xml version="1.0" encoding="UTF-8"?>
<!-- Generated by org.testng.reporters.JUnitReportReporter -->
<testsuite hostname="Mds-MacBook-Air.lan1" failures="0" tests="1" name="stepDef.TestRunner" time="11.200" errors="0" timestamp="2021-03-19T04:34:04 EDT" skipped="0">
  <testcase classname="stepDef.TestRunner" name="runScenario" time="11.200"/>
  <system-out/>
</testsuite> <!-- stepDef.TestRunner -->
